2018-09-14T08:41:28+00:00 CRITICAL Uncaught Error: Call to undefined function businessx_controller_info() in /var/www/html/wp/wordpress/wp-content/plugins/businessx-extensions/inc/customizer/theme-mods.php:86
Stack trace:
#0 /var/www/html/wp/wordpress/wp-includes/class-wp-hook.php(286): businessx_extensions_customize_register(Object(WP_Customize_Manager))
#1 /var/www/html/wp/wordpress/wp-includes/class-wp-hook.php(310): WP_Hook->apply_filters(NULL, Array)
#2 /var/www/html/wp/wordpress/wp-includes/plugin.php(453): WP_Hook->do_action(Array)
#3 /var/www/html/wp/wordpress/wp-includes/class-wp-customize-manager.php(926): do_action('customize_regis...', Object(WP_Customize_Manager))
#4 /var/www/html/wp/wordpress/wp-includes/class-wp-hook.php(286): WP_Customize_Manager->wp_loaded('')
#5 /var/www/html/wp/wordpress/wp-includes/class-wp-hook.php(310): WP_Hook->apply_filters(NULL, Array)
#6 /var/www/html/wp/wordpress/wp-includes/plugin.php(453): WP_Hook->do_action(Array)
#7 /var/www/html/wp/wordpress/wp-settings.php(471): do_action('wp_loaded')
#8 /var/w

2018-09-14T08:41:39+00:00 CRITICAL Uncaught Error: Call to undefined function businessx_controller_info() in /var/www/html/wp/wordpress/wp-content/plugins/businessx-extensions/inc/customizer/theme-mods.php:86
Stack trace:
#0 /var/www/html/wp/wordpress/wp-includes/class-wp-hook.php(286): businessx_extensions_customize_register(Object(WP_Customize_Manager))
#1 /var/www/html/wp/wordpress/wp-includes/class-wp-hook.php(310): WP_Hook->apply_filters(NULL, Array)
#2 /var/www/html/wp/wordpress/wp-includes/plugin.php(453): WP_Hook->do_action(Array)
#3 /var/www/html/wp/wordpress/wp-includes/class-wp-customize-manager.php(926): do_action('customize_regis...', Object(WP_Customize_Manager))
#4 /var/www/html/wp/wordpress/wp-includes/class-wp-hook.php(286): WP_Customize_Manager->wp_loaded('')
#5 /var/www/html/wp/wordpress/wp-includes/class-wp-hook.php(310): WP_Hook->apply_filters(NULL, Array)
#6 /var/www/html/wp/wordpress/wp-includes/plugin.php(453): WP_Hook->do_action(Array)
#7 /var/www/html/wp/wordpress/wp-settings.php(471): do_action('wp_loaded')
#8 /var/w

2018-09-14T08:44:17+00:00 CRITICAL Uncaught Error: Call to undefined function businessx_controller_info() in /var/www/html/wp/wordpress/wp-content/plugins/businessx-extensions/inc/customizer/theme-mods.php:86
Stack trace:
#0 /var/www/html/wp/wordpress/wp-includes/class-wp-hook.php(286): businessx_extensions_customize_register(Object(WP_Customize_Manager))
#1 /var/www/html/wp/wordpress/wp-includes/class-wp-hook.php(310): WP_Hook->apply_filters(NULL, Array)
#2 /var/www/html/wp/wordpress/wp-includes/plugin.php(453): WP_Hook->do_action(Array)
#3 /var/www/html/wp/wordpress/wp-includes/class-wp-customize-manager.php(926): do_action('customize_regis...', Object(WP_Customize_Manager))
#4 /var/www/html/wp/wordpress/wp-includes/class-wp-hook.php(286): WP_Customize_Manager->wp_loaded('')
#5 /var/www/html/wp/wordpress/wp-includes/class-wp-hook.php(310): WP_Hook->apply_filters(NULL, Array)
#6 /var/www/html/wp/wordpress/wp-includes/plugin.php(453): WP_Hook->do_action(Array)
#7 /var/www/html/wp/wordpress/wp-settings.php(471): do_action('wp_loaded')
#8 /var/w

